current directory: /home/aushalten12/Desktop/HolaRuby/.bundle/ruby/3.0.0/gems/yarp-0.11.0/ext/yarp
/usr/bin/ruby3.0 -I /usr/lib/ruby/vendor_ruby -r ./siteconf20230923-6308-ryjz1.rb extconf.rb
checking for whether -fvisibility=hidden is accepted as CFLAGS... yes
compiling build/static/regexp.o
compiling build/static/enc/yp_unicode.o
compiling build/static/enc/yp_tables.o
compiling build/static/enc/yp_windows_31j.o
compiling build/static/enc/yp_shift_jis.o
compiling build/static/enc/yp_euc_jp.o
compiling build/static/enc/yp_big5.o
compiling build/static/enc/yp_gbk.o
compiling build/static/serialize.o
compiling build/static/unescape.o
compiling build/static/node.o
compiling build/static/pack.o
compiling build/static/token_type.o
compiling build/static/util/yp_strncasecmp.o
compiling build/static/util/yp_string_list.o
compiling build/static/util/yp_memchr.o
compiling build/static/util/yp_char.o
compiling build/static/util/yp_string.o
compiling build/static/util/yp_newline_list.o
compiling build/static/util/yp_buffer.o
compiling build/static/util/yp_state_stack.o
compiling build/static/util/yp_strpbrk.o
compiling build/static/util/yp_constant_pool.o
compiling build/static/util/yp_list.o
compiling build/static/yarp.o
compiling build/static/prettyprint.o
compiling build/static/diagnostic.o
building build/librubyparser.a
ar: creating build/librubyparser.a
checking for yarp.h in /home/aushalten12/Desktop/HolaRuby/.bundle/ruby/3.0.0/gems/yarp-0.11.0/include... yes
checking for yarp/extension.h in /home/aushalten12/Desktop/HolaRuby/.bundle/ruby/3.0.0/gems/yarp-0.11.0/ext/yarp/..... yes
creating Makefile

current directory: /home/aushalten12/Desktop/HolaRuby/.bundle/ruby/3.0.0/gems/yarp-0.11.0/ext/yarp
make DESTDIR\= clean

current directory: /home/aushalten12/Desktop/HolaRuby/.bundle/ruby/3.0.0/gems/yarp-0.11.0/ext/yarp
make DESTDIR\=
compiling api_node.c
compiling api_pack.c
compiling extension.c
linking shared-object yarp/yarp.so

current directory: /home/aushalten12/Desktop/HolaRuby/.bundle/ruby/3.0.0/gems/yarp-0.11.0/ext/yarp
make DESTDIR\= install
/usr/bin/install -c -m 0755 yarp.so ./.gem.20230923-6308-pyduue/yarp
